Determining if the pthread_create exist failed with the following output:
Change Dir: /home/soya/Desktop/ros-msgs-structure/build/CMakeFiles/CMakeTmp

Run Build Command:"/usr/bin/make" "cmTC_7fa7f/fast"
/usr/bin/make -f CMakeFiles/cmTC_7fa7f.dir/build.make CMakeFiles/cmTC_7fa7f.dir/build
make[1]: Entering directory '/home/soya/Desktop/ros-msgs-structure/build/CMakeFiles/CMakeTmp'
Building C object CMakeFiles/cmTC_7fa7f.dir/CheckSymbolExists.c.o
/usr/bin/cc    -o CMakeFiles/cmTC_7fa7f.dir/CheckSymbolExists.c.o   -c /home/soya/Desktop/ros-msgs-structure/build/CMakeFiles/CMakeTmp/CheckSymbolExists.c
Linking C executable cmTC_7fa7f
/usr/bin/cmake -E cmake_link_script CMakeFiles/cmTC_7fa7f.dir/link.txt --verbose=1
/usr/bin/cc      -rdynamic CMakeFiles/cmTC_7fa7f.dir/CheckSymbolExists.c.o  -o cmTC_7fa7f 
CMakeFiles/cmTC_7fa7f.dir/CheckSymbolExists.c.o: In function `main':
CheckSymbolExists.c:(.text+0x14): undefined reference to `pthread_create'
CheckSymbolExists.c:(.text+0x18): undefined reference to `pthread_create'
collect2: error: ld returned 1 exit status
CMakeFiles/cmTC_7fa7f.dir/build.make:97: recipe for target 'cmTC_7fa7f' failed
make[1]: *** [cmTC_7fa7f] Error 1
make[1]: Leaving directory '/home/soya/Desktop/ros-msgs-structure/build/CMakeFiles/CMakeTmp'
Makefile:126: recipe for target 'cmTC_7fa7f/fast' failed
make: *** [cmTC_7fa7f/fast] Error 2

File /home/soya/Desktop/ros-msgs-structure/build/CMakeFiles/CMakeTmp/CheckSymbolExists.c:
/* */
#include <pthread.h>

int main(int argc, char** argv)
{
  (void)argv;
#ifndef pthread_create
  return ((int*)(&pthread_create))[argc];
#else
  (void)argc;
  return 0;
#endif
}

Determining if the function pthread_create exists in the pthreads failed with the following output:
Change Dir: /home/soya/Desktop/ros-msgs-structure/build/CMakeFiles/CMakeTmp

Run Build Command:"/usr/bin/make" "cmTC_57c69/fast"
/usr/bin/make -f CMakeFiles/cmTC_57c69.dir/build.make CMakeFiles/cmTC_57c69.dir/build
make[1]: Entering directory '/home/soya/Desktop/ros-msgs-structure/build/CMakeFiles/CMakeTmp'
Building C object CMakeFiles/cmTC_57c69.dir/CheckFunctionExists.c.o
/usr/bin/cc   -DCHECK_FUNCTION_EXISTS=pthread_create   -o CMakeFiles/cmTC_57c69.dir/CheckFunctionExists.c.o   -c /usr/share/cmake-3.10/Modules/CheckFunctionExists.c
Linking C executable cmTC_57c69
/usr/bin/cmake -E cmake_link_script CMakeFiles/cmTC_57c69.dir/link.txt --verbose=1
/usr/bin/cc  -DCHECK_FUNCTION_EXISTS=pthread_create    -rdynamic CMakeFiles/cmTC_57c69.dir/CheckFunctionExists.c.o  -o cmTC_57c69 -lpthreads 
/usr/bin/ld: cannot find -lpthreads
collect2: error: ld returned 1 exit status
CMakeFiles/cmTC_57c69.dir/build.make:97: recipe for target 'cmTC_57c69' failed
make[1]: *** [cmTC_57c69] Error 1
make[1]: Leaving directory '/home/soya/Desktop/ros-msgs-structure/build/CMakeFiles/CMakeTmp'
Makefile:126: recipe for target 'cmTC_57c69/fast' failed
make: *** [cmTC_57c69/fast] Error 2


